<?xml version="1.0" encoding="UTF-8"?>
<testng-results ignored="0" total="1" passed="1" failed="0" skipped="0">
  <reporter-output>
  </reporter-output>
  <suite started-at="2025-06-19T11:20:14 IST" name="Default suite" finished-at="2025-06-19T11:20:15 IST" duration-ms="996">
    <groups>
    </groups>
    <test started-at="2025-06-19T11:20:14 IST" name="Default test" finished-at="2025-06-19T11:20:15 IST" duration-ms="996">
      <class name="testScripts.DataPassedTestingToExcel">
        <test-method signature="setDataToExcelTest()[pri:0, instance:testScripts.DataPassedTestingToExcel@47faa49c]" started-at="2025-06-19T11:20:14 IST" name="setDataToExcelTest" finished-at="2025-06-19T11:20:15 IST" duration-ms="962" status="PASS">
          <reporter-output>
          </reporter-output>
        </test-method> <!-- setDataToExcelTest -->
      </class> <!-- testScripts.DataPassedTestingToExcel -->
    </test> <!-- Default test -->
  </suite> <!-- Default suite -->
</testng-results>
