<?xml version="1.0" encoding="UTF-8"?>
<testng-results ignored="0" total="1" passed="1" failed="0" skipped="0">
  <reporter-output>
    <line>
      <![CDATA[Actual and current uRL are matched]]>
    </line>
  </reporter-output>
  <suite started-at="2025-05-02T20:15:06 IST" name="Default suite" finished-at="2025-05-02T20:15:11 IST" duration-ms="5491">
    <groups>
    </groups>
    <test started-at="2025-05-02T20:15:06 IST" name="Default test" finished-at="2025-05-02T20:15:11 IST" duration-ms="5491">
      <class name="testScripts.LoginTest">
        <test-method signature="LoginTest()[pri:0, instance:testScripts.LoginTest@4d0f2471]" started-at="2025-05-02T20:15:06 IST" name="LoginTest" finished-at="2025-05-02T20:15:11 IST" duration-ms="5464" status="PASS">
          <reporter-output>
            <line>
              <![CDATA[Actual and current uRL are matched]]>
            </line>
          </reporter-output>
        </test-method> <!-- LoginTest -->
      </class> <!-- testScripts.LoginTest -->
    </test> <!-- Default test -->
  </suite> <!-- Default suite -->
</testng-results>
