<?xml version="1.0" encoding="UTF-8"?>
<!-- Generated by org.testng.reporters.JUnitXMLReporter -->
<testsuite ignored="0" hostname="Bharathi" failures="1" tests="1" name="Default test(failed)" time="0.731" errors="0" timestamp="2025-06-18T12:18:12 IST">
  <testcase classname="testScripts.DatadrivenTestingFromExcel" name="getDataFromExcelTest" time="0.705">
    <failure type="java.lang.NullPointerException" message="Cannot invoke &amp;quot;org.apache.poi.ss.usermodel.Row.getCell(int)&amp;quot; because &amp;quot;row&amp;quot; is null">
      <![CDATA[java.lang.NullPointerException: Cannot invoke "org.apache.poi.ss.usermodel.Row.getCell(int)" because "row" is null
at testScripts.DatadrivenTestingFromExcel.getDataFromExcelTest(DatadrivenTestingFromExcel.java:35)
at java.base/java.util.ArrayList.forEach(ArrayList.java:1511)
... Removed 27 stack frames]]>
    </failure>
  </testcase> <!-- getDataFromExcelTest -->
</testsuite> <!-- Default test(failed) -->
